The system is: Linux - 5.10.16.3-microsoft-standard-WSL2 - x86_64
Compiling the C compiler identification source file "CMakeCCompilerId.c" succeeded.
Compiler: /usr/bin/cc 
Build flags: 
Id flags:  

The output was:
0


Compilation of the C compiler identification source "CMakeCCompilerId.c" produced "a.out"

The C compiler identification is GNU, found in "/mnt/c/Users/SHARA/soulspeaks/soulspeaks/backend/build/CMakeFiles/3.22.1/CompilerIdC/a.out"

Compiling the CXX compiler identification source file "CMakeCXXCompilerId.cpp" succeeded.
Compiler: /usr/bin/c++ 
Build flags: 
Id flags:  

The output was:
0


Compilation of the CXX compiler identification source "CMakeCXXCompilerId.cpp" produced "a.out"

The CXX compiler identification is GNU, found in "/mnt/c/Users/SHARA/soulspeaks/soulspeaks/backend/build/CMakeFiles/3.22.1/CompilerIdCXX/a.out"

Determining if the C compiler works passed with the following output:
Change Dir: /mnt/c/Users/SHARA/soulspeaks/soulspeaks/backend/build/CMakeFiles/CMakeTmp

Run Build Command(s):/usr/bin/gmake -f Makefile cmTC_43cfd/fast && /usr/bin/gmake  -f CMakeFiles/cmTC_43cfd.dir/build.make CMakeFiles/cmTC_43cfd.dir/build
gmake[1]: Entering directory '/mnt/c/Users/SHARA/soulspeaks/soulspeaks/backend/build/CMakeFiles/CMakeTmp'
Building C object CMakeFiles/cmTC_43cfd.dir/testCCompiler.c.o
/usr/bin/cc    -o CMakeFiles/cmTC_43cfd.dir/testCCompiler.c.o -c /mnt/c/Users/SHARA/soulspeaks/soulspeaks/backend/build/CMakeFiles/CMakeTmp/testCCompiler.c
Linking C executable cmTC_43cfd
/usr/bin/cmake -E cmake_link_script CMakeFiles/cmTC_43cfd.dir/link.txt --verbose=1
/usr/bin/cc CMakeFiles/cmTC_43cfd.dir/testCCompiler.c.o -o cmTC_43cfd 
gmake[1]: Leaving directory '/mnt/c/Users/SHARA/soulspeaks/soulspeaks/backend/build/CMakeFiles/CMakeTmp'



Determining if the CXX compiler works passed with the following output:
Change Dir: /mnt/c/Users/SHARA/soulspeaks/soulspeaks/backend/build/CMakeFiles/CMakeTmp

Run Build Command(s):/usr/bin/gmake -f Makefile cmTC_81450/fast && /usr/bin/gmake  -f CMakeFiles/cmTC_81450.dir/build.make CMakeFiles/cmTC_81450.dir/build
gmake[1]: Entering directory '/mnt/c/Users/SHARA/soulspeaks/soulspeaks/backend/build/CMakeFiles/CMakeTmp'
Building CXX object CMakeFiles/cmTC_81450.dir/testCXXCompiler.cxx.o
/usr/bin/c++    -o CMakeFiles/cmTC_81450.dir/testCXXCompiler.cxx.o -c /mnt/c/Users/SHARA/soulspeaks/soulspeaks/backend/build/CMakeFiles/CMakeTmp/testCXXCompiler.cxx
Linking CXX executable cmTC_81450
/usr/bin/cmake -E cmake_link_script CMakeFiles/cmTC_81450.dir/link.txt --verbose=1
/usr/bin/c++ CMakeFiles/cmTC_81450.dir/testCXXCompiler.cxx.o -o cmTC_81450 
gmake[1]: Leaving directory '/mnt/c/Users/SHARA/soulspeaks/soulspeaks/backend/build/CMakeFiles/CMakeTmp'



